18:15:50 Sat 29 May 2021
dall.txt opened in mode 'r'
Input file name given: dall.txt
Output file name: dall.ps
Configuration file name: dall.CFG
Script file name: dall.SCR
Code: %d
ppmainx1.w line 174: calloc char vector for 160 elements of size 1
ppmainx1.w line 175: calloc char vector for 80 elements of size 1
ppmainx1.w line 176: calloc char vector for 80 elements of size 1
ppmainx1.w line 177: calloc char vector for 80 elements of size 1
ppmainx1.w line 178: calloc char vector for 80 elements of size 1
ppmainx1.w line 179: calloc char vector for 80 elements of size 1
ppmain.w line 494: calloc real vector for 40 elements of size 8
ppmain.w line 495: calloc char matrix for 40 rows by 20 cols (rectangular) of size 1
ppmain.w line 499: calloc real vector for 40 elements of size 8
ppmain.w line 500: calloc char matrix for 40 rows by 20 cols (rectangular) of size 1
ppmain.w line 509: calloc char matrix for 25 rows by 80 cols (rectangular) of size 1
ppmain.w line 510: calloc char matrix for 25 rows by 80 cols (rectangular) of size 1
ppmain.w line 511: calloc char matrix for 25 rows by 80 cols (rectangular) of size 1
Title: Dallican Water, Lunnasting, Shetland
Number of taxa: 8
Number of samples: 4
psimpoll.COL opened in mode 'r'
ppmain.w line 550: calloc long vector for 220 elements of size 4
ppmain.w line 551: calloc real matrix for 4 rows by 220 cols (rectangular) of size 8
ppmain.w line 552: calloc char matrix for 220 rows by 40 cols (rectangular) of size 1
psimpoll.COL closing (243 lines read)
dall.CFG opened in mode 'r'
dall.CFG closing (142 lines read)
ppmain.w line 661: free char matrix 25 rows by 80 cols (rectangular) of size 1
ppmain.w line 662: free char matrix 25 rows by 80 cols (rectangular) of size 1
Contents of gl.page:
gl.page.high = 16970.563000
gl.page.wide = 24000.000000
gl.page.prop = 0.530330
gl.page.minpl = 0.001200
gl.page.sep = 0.010000
gl.page.xmg = 2850.000000
gl.page.ymg = 2014.718500
gl.page.yscbeg = 0.035000
gl.page.ad = 0.030000
gl.page.ts = 0.000000
gl.page.zon = 0.000000
gl.page.c14 = 0.000000
gl.page.ylo = 0.000000
gl.page.charsc = 0.000010
gl.page.lineht = 0.010417
gl.idum = 1622308561
ppmain.w line 734: calloc float vector for 4 elements of size 4
ppmain.w line 735: calloc float vector for 4 elements of size 4
ppmain.w line 736: calloc flag_t vector for 4 elements of size 4
ppmain.w line 737: calloc float matrix for 20 rows by 4 cols (rectangular) of size 4
ppmain.w line 738: calloc real vector for 4 elements of size 8
ppmain.w line 744: calloc real vector for 20 elements of size 8
ppmain.w line 745: calloc real vector for 20 elements of size 8
ppmain.w line 747: calloc char matrix for 20 rows by 40 cols (rectangular) of size 1
ppmain.w line 748: calloc int vector for 10 elements of size 4
ppmain.w line 754: calloc char matrix for 8 rows by 40 cols (rectangular) of size 1
ppmain.w line 755: calloc char matrix for 10 rows by 40 cols (rectangular) of size 1
ppmainx1.w line 1100: realloc real vector from 40 to 140 elements of size 8
ppmainx1.w line 1102: realloc char matrix for 40 rows to 140 rows by 20 cols (rectangular) of size 1
ppmainx1.w line 1100: realloc real vector from 140 to 240 elements of size 8
ppmainx1.w line 1102: realloc char matrix for 140 rows to 240 rows by 20 cols (rectangular) of size 1
ppmainx1.w line 1157: realloc real vector from 240 to 133 elements of size 8
ppmainx1.w line 1158: realloc char matrix for 240 rows to 133 rows by 20 cols (rectangular) of size 1
ppmainx1.w line 699: calloc real vector for 4 elements of size 8
ppmainx1.w line 700: calloc long vector for 4 elements of size 4
dall.txt closing (23 lines read)
testAD opened in mode 'w'
ppmain.w line 871: free float vector of 4 elements of size 4
testAD closing (0 lines read)
Contents of samp_t lev (l):
l.udata = 0
l.max = 720.000000
l.min = 708.000000
l.umax = 0.000000
l.umin = 0.000000
l.origmin = 0.000000
l.ex = 720.012000
l.adsc = -1
l.majmark = 1.000000
l.minmark = 0.100000
l.maxpos = 0
l.minpos = 3
l.interp = 1.000000
l.intstart = 0.000000
l.intstop = 0.000000
l.inttype: PAIR
testSTAT opened in mode 'w'
ppmain.w line 928: calloc flag_t vector for 8 elements of size 4
ppmain.w line 943: calloc real matrix for 8 rows by 5 cols (rectangular) of size 8
ppmain.w line 944: calloc real vector for 4 elements of size 8

Dataset includes a value of -1.000000: converted to 0.000000
ppmain.w line 1045: calloc real matrix for 4 rows by 4 cols (rectangular) of size 8
ppmain.w line 1046: calloc int vector for 4 elements of size 4
ppmain.w line 1047: calloc int vector for 4 elements of size 4
ppmain.w line 1049: free flag_t vector of 8 elements of size 4
testZONE opened in mode 'w'
ppzoner.w line 284: calloc real matrix for 4 rows by -1 cols (triangular) of size 8
ppzoner.w line 287: calloc real matrix for 6 rows by 4 cols (rectangular) of size 8
ppzoner.w line 290: calloc real vector for 6 elements of size 8
ppzoner.w line 291: calloc real vector for 6 elements of size 8
Data transformation completed
ppzoner.w line 352: free real vector of 6 elements of size 8
ppzoner.w line 353: free real vector of 6 elements of size 8
ppzoner.w line 354: free real matrix 6 rows by 4 cols (rectangular) of size 8
ppzoner.w line 358: calloc real matrix for 4 rows by -1 cols (triangular) of size 8
ppzoner.w line 359: calloc int matrix for 4 rows by -1 cols (triangular) of size 4
ppzoner.w line 371: calloc flag_t vector for 4 elements of size 4
ppzoner.w line 387: calloc real vector for 4 elements of size 8
ppzoner.w line 391: calloc real vector for 3 elements of size 8
ppzoner.w line 1266: calloc real vector for 4 elements of size 8
ppzoner.w line 1295: free real vector of 4 elements of size 8
testZONE closing (0 lines read)
ppzoner.w line 543: free real vector of 3 elements of size 8
ppzoner.w line 544: free real vector of 4 elements of size 8
ppzoner.w line 545: free flag_t vector of 4 elements of size 4
ppzoner.w line 546: free int matrix 4 rows by 4 cols (triangular) of size 4
ppzoner.w line 547: free real matrix 4 rows by 4 cols (triangular) of size 8
ppzoner.w line 548: free real matrix 4 rows by 4 cols (triangular) of size 8
testZONE opened in mode 'r'
ppmainx1.w line 2609: calloc char matrix for 2 rows by 40 cols (rectangular) of size 1
ppmainx1.w line 2610: calloc real vector for 3 elements of size 8
ppmainx1.w line 2611: calloc long vector for 2 elements of size 4
testZONE closing (4 lines read)
ppmain.w line 1217: free real vector of 4 elements of size 8
test.ps opened in mode 'w'
Contents of struct Coll coll (c):
c.all: OFF
c.bars: OFF
c.bull: OFF
c.lval = 0.500000
c.exchar: OFF
c.ix10: ON
c.indscale: OFF
c.indspl: OFF
c.join: OFF
c.label: OFF
c.style: FILL
c.shade = 0.000000
c.curve: PLAIN
c.scale = 1.000000
c.finscale = 1.000000
c.max = 100.000000
c.min = 0.000000
c.ulimit: OFF
c.rot = 75
c.hist = 0.000000
c.script: WRITE
c.sum2col: OFF
c.skip = 0
c.datamax = 0.000000
c.datamin = 0.000000
c.median = 0.000000
c.lq = 0.000000
c.uq = 0.000000
c.c14scale: ON
c.interp: OFF
c.colpl = 3
c.coltit = 0
c.coldep = 0
c.col14c = 0
c.colts = 0
c.colzone = 0
c.colxax = 0
c.colsdpl = 0
c.penwid = 5.000000
ppfunc.w line 160: calloc real matrix for 12 rows by 4 cols (rectangular) of size 8

itax = 0
Plotting _Betula
itaxty = '_'
ppfuncx1.w line 709: calloc real vector for 4 elements of size 8
ppfuncx1.w line 890: free real vector of 4 elements of size 8
Contents of struct Coll ind (c):
c.all: OFF
c.bars: OFF
c.bull: OFF
c.lval = 0.500000
c.exchar: OFF
c.ix10: ON
c.indscale: OFF
c.indspl: OFF
c.join: OFF
c.label: OFF
c.style: FILL
c.shade = 0.000000
c.curve: PLAIN
c.scale = 1.000000
c.finscale = 1.000000
c.max = 30.010000
c.min = 0.000000
c.ulimit: OFF
c.rot = 75
c.hist = 0.000000
c.script: WRITE
c.sum2col: OFF
c.skip = 0
c.datamax = 0.000000
c.datamin = 0.000000
c.median = 0.000000
c.lq = 0.000000
c.uq = 0.000000
c.c14scale: ON
c.interp: OFF
c.colpl = 3
c.coltit = 0
c.coldep = 0
c.col14c = 0
c.colts = 0
c.colzone = 0
c.colxax = 0
c.colsdpl = 0
c.penwid = 5.000000
Printing 'F1 (Dallican Water, Lunnasting, Shetland  ) sh F2 ()'
Printing 'F2 (708)'
Printing 'F2 (709)'
Printing 'F2 (710)'
Printing 'F2 (711)'
Printing 'F2 (712)'
Printing 'F2 (713)'
Printing 'F2 (714)'
Printing 'F2 (715)'
Printing 'F2 (716)'
Printing 'F2 (717)'
Printing 'F2 (718)'
Printing 'F2 (719)'
Printing 'F2 (720)'
Printing 'F2 (Depth)'
Printing 'F2 (cm)'
Printing 'F2 (%)'
Labelling x-axis
Printing 'F2 (0)'
Printing 'F2 (20)'
endfn = 0.000000
Building plot
Adding taxon name
Printing 'F2 () sh F3 (Betula)'
Plot completed

itax = 1
Plotting -_Juniperus communis
 - excluded taxon

itax = 2
Plotting Cyperaceae
itaxty = 'C'
ppfuncx1.w line 709: calloc real vector for 4 elements of size 8
ppfuncx1.w line 890: free real vector of 4 elements of size 8
Contents of struct Coll ind (c):
c.all: OFF
c.bars: OFF
c.bull: OFF
c.lval = 0.500000
c.exchar: OFF
c.ix10: ON
c.indscale: OFF
c.indspl: OFF
c.join: OFF
c.label: OFF
c.style: FILL
c.shade = 0.000000
c.curve: PLAIN
c.scale = 1.000000
c.finscale = 1.000000
c.max = 18.860001
c.min = 0.000000
c.ulimit: OFF
c.rot = 75
c.hist = 0.000000
c.script: WRITE
c.sum2col: OFF
c.skip = 0
c.datamax = 0.000000
c.datamin = 0.000000
c.median = 0.000000
c.lq = 0.000000
c.uq = 0.000000
c.c14scale: ON
c.interp: OFF
c.colpl = 3
c.coltit = 0
c.coldep = 0
c.col14c = 0
c.colts = 0
c.colzone = 0
c.colxax = 0
c.colsdpl = 0
c.penwid = 5.000000
Labelling x-axis
Printing 'F2 (0)'
endfn = 0.000000
Building plot
Adding taxon name
Printing 'F2 (Cyperaceae)'
Plot completed

itax = 3
Plotting _Potentilla_ t.
itaxty = '_'
ppfuncx1.w line 709: calloc real vector for 4 elements of size 8
ppfuncx1.w line 890: free real vector of 4 elements of size 8
Contents of struct Coll ind (c):
c.all: OFF
c.bars: OFF
c.bull: OFF
c.lval = 0.500000
c.exchar: OFF
c.ix10: ON
c.indscale: OFF
c.indspl: OFF
c.join: OFF
c.label: OFF
c.style: FILL
c.shade = 0.000000
c.curve: PLAIN
c.scale = 1.000000
c.finscale = 1.000000
c.max = 5.000000
c.min = 0.000000
c.ulimit: OFF
c.rot = 75
c.hist = 0.000000
c.script: WRITE
c.sum2col: OFF
c.skip = 0
c.datamax = 0.000000
c.datamin = 0.000000
c.median = 0.000000
c.lq = 0.000000
c.uq = 0.000000
c.c14scale: ON
c.interp: OFF
c.colpl = 3
c.coltit = 0
c.coldep = 0
c.col14c = 0
c.colts = 0
c.colzone = 0
c.colxax = 0
c.colsdpl = 0
c.penwid = 5.000000
Labelling x-axis
Printing 'F2 (0)'
endfn = 0.000000
Building plot
Adding taxon name
Printing 'F2 () sh F3 (Potentilla) sh F2 ( t.)'
Plot completed

itax = 4
Plotting <
itaxty = '<'
ppfuncx1.w line 709: calloc real vector for 4 elements of size 8
ppfuncx1.w line 890: free real vector of 4 elements of size 8
Contents of struct Coll ind (c):
c.all: OFF
c.bars: OFF
c.bull: OFF
c.lval = 0.500000
c.exchar: OFF
c.ix10: OFF
c.indscale: OFF
c.indspl: OFF
c.join: OFF
c.label: OFF
c.style: FILL
c.shade = 0.000000
c.curve: SUMMARY
c.scale = 1.000000
c.finscale = 1.000000
c.max = 100.000000
c.min = 0.000000
c.ulimit: OFF
c.rot = 75
c.hist = 0.000000
c.script: WRITE
c.sum2col: OFF
c.skip = 0
c.datamax = 0.000000
c.datamin = 0.000000
c.median = 0.000000
c.lq = 0.000000
c.uq = 0.000000
c.c14scale: ON
c.interp: OFF
c.colpl = 3
c.coltit = 0
c.coldep = 0
c.col14c = 0
c.colts = 0
c.colzone = 0
c.colxax = 0
c.colsdpl = 0
c.penwid = 5.000000
Labelling x-axis
Printing 'F2 (0)'
Printing 'F2 (20)'
Printing 'F2 (40)'
Printing 'F2 (60)'
Printing 'F2 (80)'
endfn = 0.000000
Building plot
Adding taxon name
Printing 'F2 (Sum Trees & Shrubs)'
Printing 'F2 (Sum Ericales)'
Printing 'F2 (Sum Herbs)'
Printing 'F2 (Sum Filicales)'
Plot completed

itax = 5
Plotting !Palynol. richness
itaxty = '!'
ppfuncx1.w line 709: calloc real vector for 4 elements of size 8
ppfuncx1.w line 890: free real vector of 4 elements of size 8
Contents of struct Coll ind (c):
c.all: OFF
c.bars: OFF
c.bull: OFF
c.lval = 0.500000
c.exchar: ON
c.ix10: OFF
c.indscale: ON
c.indspl: OFF
c.join: OFF
c.label: OFF
c.style: OUTL
c.shade = 0.000000
c.curve: CONFIN
c.scale = 1.000000
c.finscale = 2.000000
c.max = 46.615799
c.min = 0.000000
c.ulimit: OFF
c.rot = 75
c.hist = 0.000000
c.script: WRITE
c.sum2col: OFF
c.skip = 0
c.datamax = 0.000000
c.datamin = 0.000000
c.median = 0.000000
c.lq = 0.000000
c.uq = 0.000000
c.c14scale: ON
c.interp: OFF
c.colpl = 3
c.coltit = 0
c.coldep = 0
c.col14c = 0
c.colts = 0
c.colzone = 0
c.colxax = 0
c.colsdpl = 0
c.penwid = 5.000000
Labelling x-axis
Printing 'F2 (E\(T) sh dn F5 (250) sh up F2 (\))'
Printing 'F2 (0)'
Printing 'F2 (10)'
Printing 'F2 (20)'
endfn = 0.040521
Building plot
Adding taxon name
Printing 'F2 (Palynol. richness)'
Plot completed

itax = 6
Plotting =Rate of change
itaxty = '='
ppfuncx1.w line 709: calloc real vector for 4 elements of size 8
ppfuncx1.w line 890: free real vector of 4 elements of size 8
Contents of struct Coll ind (c):
c.all: OFF
c.bars: OFF
c.bull: OFF
c.lval = 0.500000
c.exchar: ON
c.ix10: ON
c.indscale: ON
c.indspl: OFF
c.join: OFF
c.label: OFF
c.style: FILL
c.shade = 0.000000
c.curve: PLAIN
c.scale = 100.000000
c.finscale = 2.000000
c.max = 84.021199
c.min = 0.000000
c.ulimit: OFF
c.rot = 75
c.hist = 0.000000
c.script: WRITE
c.sum2col: OFF
c.skip = 0
c.datamax = 0.000000
c.datamin = 0.000000
c.median = 0.000000
c.lq = 0.000000
c.uq = 0.000000
c.c14scale: ON
c.interp: OFF
c.colpl = 3
c.coltit = 0
c.coldep = 0
c.col14c = 0
c.colts = 0
c.colzone = 0
c.colxax = 0
c.colsdpl = 0
c.penwid = 5.000000
Labelling x-axis
Printing 'F2 ( cent.) sh up F5 (-1) sh dn F2 ()'
Printing 'F2 (0)'
Printing 'F2 (10)'
Printing 'F2 (20)'
Printing 'F2 (30)'
Printing 'F2 (40)'
endfn = 0.066312
Building plot
Adding taxon name
Printing 'F2 (Rate of change)'
Plot completed

itax = 7
Plotting *Main sum
itaxty = '*'
ppfuncx1.w line 709: calloc real vector for 4 elements of size 8
ppfuncx1.w line 890: free real vector of 4 elements of size 8
Contents of struct Coll ind (c):
c.all: OFF
c.bars: ON
c.bull: OFF
c.lval = 0.500000
c.exchar: ON
c.ix10: OFF
c.indscale: OFF
c.indspl: OFF
c.join: OFF
c.label: OFF
c.style: FILL
c.shade = 0.000000
c.curve: NUMBER
c.scale = 1.000000
c.finscale = 1.000000
c.max = 19.305556
c.min = 0.000000
c.ulimit: OFF
c.rot = 75
c.hist = 0.000000
c.script: WRITE
c.sum2col: OFF
c.skip = 0
c.datamax = 0.000000
c.datamin = 0.000000
c.median = 0.000000
c.lq = 0.000000
c.uq = 0.000000
c.c14scale: ON
c.interp: OFF
c.colpl = 3
c.coltit = 0
c.coldep = 0
c.col14c = 0
c.colts = 0
c.colzone = 0
c.colxax = 0
c.colsdpl = 0
c.penwid = 5.000000
Labelling x-axis
endfn = 0.000000
Building plot
Printing 'F2 (509)'
Printing 'F2 (519)'
Printing 'F2 (520)'
Printing 'F2 (693)'
Adding taxon name
Printing 'F2 (Main sum)'
Plot completed
ppfunc.w line 200: free real matrix 12 rows by 4 cols (rectangular) of size 8
Printing 'F2 ( P-2 )'
Printing 'F2 ( P-1 )'
Printing 'F2 ()'
ppmain.w line 1240: free real matrix 8 rows by 5 cols (rectangular) of size 8
testSTAT closing (0 lines read)
test.ps closing (0 lines read)
ppmain.w line 1280: free real vector of 3 elements of size 8
ppmain.w line 1281: free char matrix 2 rows by 40 cols (rectangular) of size 1
ppmain.w line 1282: free int vector of 4 elements of size 4
ppmain.w line 1283: free int vector of 4 elements of size 4
ppmain.w line 1284: free real matrix 4 rows by 4 cols (rectangular) of size 8
ppmain.w line 1298: free char vector of 40 elements of size 1
ppmain.w line 1298: free char vector of 40 elements of size 1
ppmain.w line 1298: free char vector of 40 elements of size 1
ppmain.w line 1298: free char vector of 40 elements of size 1
ppmain.w line 1298: free char vector of 40 elements of size 1
ppmain.w line 1298: free char vector of 40 elements of size 1
ppmain.w line 1298: free char vector of 40 elements of size 1
ppmain.w line 1298: free char vector of 40 elements of size 1
ppmain.w line 1298: free char vector of 40 elements of size 1
ppmain.w line 1298: free char vector of 40 elements of size 1
ppmain.w line 1300: free Pchar vector of 10 elements of size 4
ppmain.w line 1301: free long vector of 4 elements of size 4
ppmain.w line 1302: free real vector of 4 elements of size 8
ppmain.w line 1306: free char vector of 40 elements of size 1
ppmain.w line 1306: free char vector of 40 elements of size 1
ppmain.w line 1306: free char vector of 40 elements of size 1
ppmain.w line 1306: free char vector of 40 elements of size 1
ppmain.w line 1306: free char vector of 40 elements of size 1
ppmain.w line 1306: free char vector of 40 elements of size 1
ppmain.w line 1306: free char vector of 40 elements of size 1
ppmain.w line 1306: free char vector of 40 elements of size 1
ppmain.w line 1308: free Pchar vector of 8 elements of size 4
ppmain.w line 1309: free int vector of 10 elements of size 4
ppmain.w line 1313: free char vector of 40 elements of size 1
ppmain.w line 1313: free char vector of 40 elements of size 1
ppmain.w line 1313: free char vector of 40 elements of size 1
ppmain.w line 1313: free char vector of 40 elements of size 1
ppmain.w line 1313: free char vector of 40 elements of size 1
ppmain.w line 1313: free char vector of 40 elements of size 1
ppmain.w line 1313: free char vector of 40 elements of size 1
ppmain.w line 1313: free char vector of 40 elements of size 1
ppmain.w line 1313: free char vector of 40 elements of size 1
ppmain.w line 1313: free char vector of 40 elements of size 1
ppmain.w line 1313: free char vector of 40 elements of size 1
ppmain.w line 1313: free char vector of 40 elements of size 1
ppmain.w line 1313: free char vector of 40 elements of size 1
ppmain.w line 1313: free char vector of 40 elements of size 1
ppmain.w line 1313: free char vector of 40 elements of size 1
ppmain.w line 1313: free char vector of 40 elements of size 1
ppmain.w line 1313: free char vector of 40 elements of size 1
ppmain.w line 1313: free char vector of 40 elements of size 1
ppmain.w line 1313: free char vector of 40 elements of size 1
ppmain.w line 1313: free char vector of 40 elements of size 1
ppmain.w line 1315: free Pchar vector of 20 elements of size 4
ppmain.w line 1316: free real vector of 20 elements of size 8
ppmain.w line 1317: free real vector of 20 elements of size 8
ppmain.w line 1318: free real vector of 4 elements of size 8
ppmain.w line 1319: free float matrix 20 rows by 4 cols (rectangular) of size 4
ppmain.w line 1320: free flag_t vector of 4 elements of size 4
ppmain.w line 1321: free float vector of 4 elements of size 4
ppmain.w line 1323: free char matrix 220 rows by 40 cols (rectangular) of size 1
ppmain.w line 1324: free real matrix 4 rows by 220 cols (rectangular) of size 8
ppmain.w line 1325: free long vector of 2 elements of size 4
ppmain.w line 1327: free long vector of 220 elements of size 4
ppmain.w line 1330: free real vector of 40 elements of size 8
ppmain.w line 1331: free char matrix 40 rows by 20 cols (rectangular) of size 1
ppmain.w line 1332: free real vector of 133 elements of size 8
ppmain.w line 1333: free char matrix 133 rows by 20 cols (rectangular) of size 1
ppmain.w line 1335: free char vector of 80 elements of size 1
ppmain.w line 1336: free char vector of 80 elements of size 1
ppmain.w line 1337: free char vector of 80 elements of size 1
ppmain.w line 1338: free char vector of 80 elements of size 1
ppmain.w line 1339: free char vector of 80 elements of size 1
ppmain.w line 1340: free char vector of 160 elements of size 1
ppmain.w line 1342: free char matrix 25 rows by 80 cols (rectangular) of size 1
Allocated memory remaining = 0 bytes
Maximum allocated memory used was 31748 bytes in ppmainx1.w line 1102
0 program files remain open
18:16:04 Sat 29 May 2021
